<?xml version="1.0" encoding="UTF-8"?>
<testng-results ignored="0" total="1" passed="1" failed="0" skipped="0">
  <reporter-output>
  </reporter-output>
  <suite started-at="2018-11-21T20:37:34Z" name="Default suite" finished-at="2018-11-21T20:37:45Z" duration-ms="11051">
    <groups>
    </groups>
    <test started-at="2018-11-21T20:37:34Z" name="Default test" finished-at="2018-11-21T20:37:45Z" duration-ms="11051">
      <class name="com.example.demo.DemoApplicationTests">
        <test-method signature="contextLoads()[pri:0, instance:com.example.demo.DemoApplicationTests@19d481b]" started-at="2018-11-21T20:37:34Z" name="contextLoads" finished-at="2018-11-21T20:37:45Z" duration-ms="11036" status="PASS">
          <reporter-output>
          </reporter-output>
        </test-method> <!-- contextLoads -->
      </class> <!-- com.example.demo.DemoApplicationTests -->
    </test> <!-- Default test -->
  </suite> <!-- Default suite -->
</testng-results>
